<?xml version="1.0" encoding="UTF-8"?>
<!-- Generated by org.testng.reporters.JUnitXMLReporter -->
<testsuite ignored="0" hostname="LTIN268997" failures="0" tests="3" name="EdgeTest" time="23.626" errors="0" timestamp="2024-02-26T22:53:02 IST">
  <testcase classname="TestCases.BaseTest" name="WebDevelopment" time="0.0">
    <skipped/>
  </testcase> <!-- WebDevelopment -->
  <testcase classname="TestCases.BaseTest" name="learningLanguage" time="0.0">
    <skipped/>
  </testcase> <!-- learningLanguage -->
  <testcase classname="TestCases.BaseTest" name="Enterprise" time="0.0">
    <skipped/>
  </testcase> <!-- Enterprise -->
</testsuite> <!-- EdgeTest -->
