<?xml version="1.0" encoding="UTF-8"?>
<!-- Generated by org.testng.reporters.JUnitXMLReporter -->
<testsuite ignored="0" hostname="LTIN268997" failures="1" tests="3" name="Test `name" time="121.761" errors="0" timestamp="2024-02-27T17:08:30 IST">
  <testcase classname="TestCases.BaseTest" name="WebDevelopment" time="20.675">
    <failure type="java.lang.IndexOutOfBoundsException" message="Index 1 out of bounds for length 1">
      <![CDATA[java.lang.IndexOutOfBoundsException: Index 1 out of bounds for length 1
at java.base/jdk.internal.util.Preconditions.outOfBounds(Preconditions.java:64)
at java.base/jdk.internal.util.Preconditions.outOfBoundsCheckIndex(Preconditions.java:70)
at java.base/jdk.internal.util.Preconditions.checkIndex(Preconditions.java:266)
at java.base/java.util.Objects.checkIndex(Objects.java:359)
at java.base/java.util.ArrayList.get(ArrayList.java:427)
at TestCases.BaseTest.WebDevelopment(BaseTest.java:148)
at java.base/java.util.ArrayList.forEach(ArrayList.java:1511)
... Removed 27 stack frames]]>
    </failure>
  </testcase> <!-- WebDevelopment -->
  <testcase classname="TestCases.BaseTest" name="learningLanguage" time="24.67"/>
  <testcase classname="TestCases.BaseTest" name="Enterprise" time="51.438"/>
</testsuite> <!-- Test `name -->
