<?xml version="1.0" encoding="UTF-8"?>
<!-- Generated by org.testng.reporters.JUnitXMLReporter -->
<testsuite ignored="0" hostname="LTIN268997" failures="0" tests="11" name="Test" time="178.516" errors="0" timestamp="2024-03-17T23:48:39 IST">
  <testcase classname="TestCases.BaseTest" name="SearchWebDevelopment" time="7.792"/>
  <testcase classname="TestCases.BaseTest" name="SelectLevel" time="3.958"/>
  <testcase classname="TestCases.BaseTest" name="SelectLanguage" time="14.623"/>
  <testcase classname="TestCases.BaseTest" name="CourseList" time="29.316"/>
  <testcase classname="TestCases.BaseTest" name="SearchlearningLanguage" time="24.855"/>
  <testcase classname="TestCases.BaseTest" name="LanguageCount" time="0.983"/>
  <testcase classname="TestCases.BaseTest" name="LevelCount" time="10.494"/>
  <testcase classname="TestCases.BaseTest" name="ForEnterprise" time="22.659"/>
  <testcase classname="TestCases.BaseTest" name="ReadyToTransform" time="5.051"/>
  <testcase classname="TestCases.BaseTest" name="DropDowns" time="23.645"/>
  <testcase classname="TestCases.BaseTest" name="ErrorMessage" time="4.103"/>
</testsuite> <!-- Test -->
