<?xml version="1.0" encoding="UTF-8"?>
<testng-results ignored="0" total="11" passed="11" failed="0" skipped="0">
  <reporter-output>
  </reporter-output>
  <suite started-at="2024-03-26T13:08:57 IST" name="Suite" finished-at="2024-03-26T13:14:12 IST" duration-ms="314821">
    <groups>
      <group name="regression">
        <method signature="BaseTest.SearchWebDevelopment()[pri:0, instance:TestCases.BaseTest@7d9d0818]" name="SearchWebDevelopment" class="TestCases.BaseTest"/>
        <method signature="BaseTest.SelectLevel()[pri:1, instance:TestCases.BaseTest@7d9d0818]" name="SelectLevel" class="TestCases.BaseTest"/>
        <method signature="BaseTest.SelectLanguage()[pri:2, instance:TestCases.BaseTest@7d9d0818]" name="SelectLanguage" class="TestCases.BaseTest"/>
        <method signature="BaseTest.CourseList()[pri:3, instance:TestCases.BaseTest@7d9d0818]" name="CourseList" class="TestCases.BaseTest"/>
        <method signature="BaseTest.SearchlearningLanguage()[pri:4, instance:TestCases.BaseTest@7d9d0818]" name="SearchlearningLanguage" class="TestCases.BaseTest"/>
        <method signature="BaseTest.LanguageCount()[pri:5, instance:TestCases.BaseTest@7d9d0818]" name="LanguageCount" class="TestCases.BaseTest"/>
        <method signature="BaseTest.LevelCount()[pri:6, instance:TestCases.BaseTest@7d9d0818]" name="LevelCount" class="TestCases.BaseTest"/>
        <method signature="BaseTest.ForEnterprise()[pri:7, instance:TestCases.BaseTest@7d9d0818]" name="ForEnterprise" class="TestCases.BaseTest"/>
        <method signature="BaseTest.ReadyToTransform()[pri:8, instance:TestCases.BaseTest@7d9d0818]" name="ReadyToTransform" class="TestCases.BaseTest"/>
        <method signature="BaseTest.DropDowns()[pri:9, instance:TestCases.BaseTest@7d9d0818]" name="DropDowns" class="TestCases.BaseTest"/>
        <method signature="BaseTest.ErrorMessage()[pri:10, instance:TestCases.BaseTest@7d9d0818]" name="ErrorMessage" class="TestCases.BaseTest"/>
      </group> <!-- regression -->
      <group name="smoke">
        <method signature="BaseTest.SearchWebDevelopment()[pri:0, instance:TestCases.BaseTest@7d9d0818]" name="SearchWebDevelopment" class="TestCases.BaseTest"/>
        <method signature="BaseTest.SearchlearningLanguage()[pri:4, instance:TestCases.BaseTest@7d9d0818]" name="SearchlearningLanguage" class="TestCases.BaseTest"/>
        <method signature="BaseTest.ForEnterprise()[pri:7, instance:TestCases.BaseTest@7d9d0818]" name="ForEnterprise" class="TestCases.BaseTest"/>
      </group> <!-- smoke -->
      <group name="master">
        <method signature="BaseTest.SearchWebDevelopment()[pri:0, instance:TestCases.BaseTest@7d9d0818]" name="SearchWebDevelopment" class="TestCases.BaseTest"/>
        <method signature="BaseTest.SelectLevel()[pri:1, instance:TestCases.BaseTest@7d9d0818]" name="SelectLevel" class="TestCases.BaseTest"/>
        <method signature="BaseTest.SelectLanguage()[pri:2, instance:TestCases.BaseTest@7d9d0818]" name="SelectLanguage" class="TestCases.BaseTest"/>
        <method signature="BaseTest.CourseList()[pri:3, instance:TestCases.BaseTest@7d9d0818]" name="CourseList" class="TestCases.BaseTest"/>
        <method signature="BaseTest.SearchlearningLanguage()[pri:4, instance:TestCases.BaseTest@7d9d0818]" name="SearchlearningLanguage" class="TestCases.BaseTest"/>
        <method signature="BaseTest.LanguageCount()[pri:5, instance:TestCases.BaseTest@7d9d0818]" name="LanguageCount" class="TestCases.BaseTest"/>
        <method signature="BaseTest.LevelCount()[pri:6, instance:TestCases.BaseTest@7d9d0818]" name="LevelCount" class="TestCases.BaseTest"/>
        <method signature="BaseTest.ForEnterprise()[pri:7, instance:TestCases.BaseTest@7d9d0818]" name="ForEnterprise" class="TestCases.BaseTest"/>
        <method signature="BaseTest.ReadyToTransform()[pri:8, instance:TestCases.BaseTest@7d9d0818]" name="ReadyToTransform" class="TestCases.BaseTest"/>
        <method signature="BaseTest.DropDowns()[pri:9, instance:TestCases.BaseTest@7d9d0818]" name="DropDowns" class="TestCases.BaseTest"/>
        <method signature="BaseTest.ErrorMessage()[pri:10, instance:TestCases.BaseTest@7d9d0818]" name="ErrorMessage" class="TestCases.BaseTest"/>
      </group> <!-- master -->
    </groups>
    <test started-at="2024-03-26T13:08:57 IST" name="Test `name" finished-at="2024-03-26T13:14:12 IST" duration-ms="314821">
      <class name="TestCases.BaseTest">
        <test-method is-config="true" signature="setUp(java.lang.String,java.lang.String)[pri:0, instance:TestCases.BaseTest@7d9d0818]" started-at="2024-03-26T13:08:58 IST" name="setUp" finished-at="2024-03-26T13:09:13 IST" duration-ms="15421" status="PASS">
          <params>
            <param index="0">
              <value>
                <![CDATA[Windows]]>
              </value>
            </param>
            <param index="1">
              <value>
                <![CDATA[chrome]]>
              </value>
            </param>
          </params>
          <reporter-output>
          </reporter-output>
        </test-method> <!-- setUp -->
        <test-method signature="SearchWebDevelopment()[pri:0, instance:TestCases.BaseTest@7d9d0818]" started-at="2024-03-26T13:09:14 IST" name="SearchWebDevelopment" finished-at="2024-03-26T13:09:37 IST" duration-ms="23284" status="PASS">
          <reporter-output>
          </reporter-output>
        </test-method> <!-- SearchWebDevelopment -->
        <test-method signature="SelectLevel()[pri:1, instance:TestCases.BaseTest@7d9d0818]" started-at="2024-03-26T13:09:37 IST" name="SelectLevel" finished-at="2024-03-26T13:09:40 IST" duration-ms="3348" status="PASS">
          <reporter-output>
          </reporter-output>
        </test-method> <!-- SelectLevel -->
        <test-method signature="SelectLanguage()[pri:2, instance:TestCases.BaseTest@7d9d0818]" started-at="2024-03-26T13:09:40 IST" name="SelectLanguage" finished-at="2024-03-26T13:09:54 IST" duration-ms="13881" status="PASS">
          <reporter-output>
          </reporter-output>
        </test-method> <!-- SelectLanguage -->
        <test-method signature="CourseList()[pri:3, instance:TestCases.BaseTest@7d9d0818]" started-at="2024-03-26T13:09:54 IST" name="CourseList" finished-at="2024-03-26T13:11:12 IST" duration-ms="77400" status="PASS">
          <reporter-output>
          </reporter-output>
        </test-method> <!-- CourseList -->
        <test-method signature="SearchlearningLanguage()[pri:4, instance:TestCases.BaseTest@7d9d0818]" started-at="2024-03-26T13:11:12 IST" name="SearchlearningLanguage" finished-at="2024-03-26T13:12:12 IST" duration-ms="60924" status="PASS">
          <reporter-output>
          </reporter-output>
        </test-method> <!-- SearchlearningLanguage -->
        <test-method signature="LanguageCount()[pri:5, instance:TestCases.BaseTest@7d9d0818]" started-at="2024-03-26T13:12:12 IST" name="LanguageCount" finished-at="2024-03-26T13:12:13 IST" duration-ms="758" status="PASS">
          <reporter-output>
          </reporter-output>
        </test-method> <!-- LanguageCount -->
        <test-method signature="LevelCount()[pri:6, instance:TestCases.BaseTest@7d9d0818]" started-at="2024-03-26T13:12:13 IST" name="LevelCount" finished-at="2024-03-26T13:12:41 IST" duration-ms="27429" status="PASS">
          <reporter-output>
          </reporter-output>
        </test-method> <!-- LevelCount -->
        <test-method signature="ForEnterprise()[pri:7, instance:TestCases.BaseTest@7d9d0818]" started-at="2024-03-26T13:12:41 IST" name="ForEnterprise" finished-at="2024-03-26T13:13:40 IST" duration-ms="58854" status="PASS">
          <reporter-output>
          </reporter-output>
        </test-method> <!-- ForEnterprise -->
        <test-method signature="ReadyToTransform()[pri:8, instance:TestCases.BaseTest@7d9d0818]" started-at="2024-03-26T13:13:40 IST" name="ReadyToTransform" finished-at="2024-03-26T13:13:44 IST" duration-ms="4047" status="PASS">
          <reporter-output>
          </reporter-output>
        </test-method> <!-- ReadyToTransform -->
        <test-method signature="DropDowns()[pri:9, instance:TestCases.BaseTest@7d9d0818]" started-at="2024-03-26T13:13:44 IST" name="DropDowns" finished-at="2024-03-26T13:14:07 IST" duration-ms="22927" status="PASS">
          <reporter-output>
          </reporter-output>
        </test-method> <!-- DropDowns -->
        <test-method signature="ErrorMessage()[pri:10, instance:TestCases.BaseTest@7d9d0818]" started-at="2024-03-26T13:14:07 IST" name="ErrorMessage" finished-at="2024-03-26T13:14:11 IST" duration-ms="4075" status="PASS">
          <reporter-output>
          </reporter-output>
        </test-method> <!-- ErrorMessage -->
        <test-method is-config="true" signature="tearDown()[pri:0, instance:TestCases.BaseTest@7d9d0818]" started-at="2024-03-26T13:14:11 IST" name="tearDown" finished-at="2024-03-26T13:14:12 IST" duration-ms="1221" status="PASS">
          <reporter-output>
          </reporter-output>
        </test-method> <!-- tearDown -->
      </class> <!-- TestCases.BaseTest -->
    </test> <!-- Test `name -->
  </suite> <!-- Suite -->
</testng-results>
