<?xml version="1.0" encoding="UTF-8"?>
<testng-results ignored="0" total="3" passed="2" failed="1" skipped="0">
  <reporter-output>
  </reporter-output>
  <suite started-at="2024-02-27T17:06:27 IST" name="Suite" finished-at="2024-02-27T17:08:28 IST" duration-ms="121761">
    <groups>
      <group name="regression">
        <method signature="BaseTest.WebDevelopment()[pri:0, instance:TestCases.BaseTest@723ca036]" name="WebDevelopment" class="TestCases.BaseTest"/>
        <method signature="BaseTest.learningLanguage()[pri:1, instance:TestCases.BaseTest@723ca036]" name="learningLanguage" class="TestCases.BaseTest"/>
        <method signature="BaseTest.Enterprise()[pri:2, instance:TestCases.BaseTest@723ca036]" name="Enterprise" class="TestCases.BaseTest"/>
      </group> <!-- regression -->
      <group name="sanity">
        <method signature="BaseTest.WebDevelopment()[pri:0, instance:TestCases.BaseTest@723ca036]" name="WebDevelopment" class="TestCases.BaseTest"/>
        <method signature="BaseTest.learningLanguage()[pri:1, instance:TestCases.BaseTest@723ca036]" name="learningLanguage" class="TestCases.BaseTest"/>
        <method signature="BaseTest.Enterprise()[pri:2, instance:TestCases.BaseTest@723ca036]" name="Enterprise" class="TestCases.BaseTest"/>
      </group> <!-- sanity -->
    </groups>
    <test started-at="2024-02-27T17:06:27 IST" name="Test `name" finished-at="2024-02-27T17:08:28 IST" duration-ms="121761">
      <class name="TestCases.BaseTest">
        <test-method is-config="true" signature="setUp(java.lang.String,java.lang.String)[pri:0, instance:TestCases.BaseTest@723ca036]" started-at="2024-02-27T17:06:27 IST" name="setUp" finished-at="2024-02-27T17:06:36 IST" duration-ms="8495" status="PASS">
          <params>
            <param index="0">
              <value>
                <![CDATA[Windows]]>
              </value>
            </param>
            <param index="1">
              <value>
                <![CDATA[chrome]]>
              </value>
            </param>
          </params>
          <reporter-output>
          </reporter-output>
        </test-method> <!-- setUp -->
        <test-method is-config="true" signature="navigate()[pri:0, instance:TestCases.BaseTest@723ca036]" started-at="2024-02-27T17:06:36 IST" name="navigate" finished-at="2024-02-27T17:06:50 IST" duration-ms="14210" status="PASS">
          <reporter-output>
          </reporter-output>
        </test-method> <!-- navigate -->
        <test-method signature="WebDevelopment()[pri:0, instance:TestCases.BaseTest@723ca036]" started-at="2024-02-27T17:06:50 IST" name="WebDevelopment" finished-at="2024-02-27T17:07:11 IST" duration-ms="20675" status="FAIL">
          <exception class="java.lang.IndexOutOfBoundsException">
            <message>
              <![CDATA[Index 1 out of bounds for length 1]]>
            </message>
            <full-stacktrace>
              <![CDATA[java.lang.IndexOutOfBoundsException: Index 1 out of bounds for length 1
at java.base/jdk.internal.util.Preconditions.outOfBounds(Preconditions.java:64)
at java.base/jdk.internal.util.Preconditions.outOfBoundsCheckIndex(Preconditions.java:70)
at java.base/jdk.internal.util.Preconditions.checkIndex(Preconditions.java:266)
at java.base/java.util.Objects.checkIndex(Objects.java:359)
at java.base/java.util.ArrayList.get(ArrayList.java:427)
at TestCases.BaseTest.WebDevelopment(BaseTest.java:148)
at java.base/jdk.internal.reflect.NativeMethodAccessorImpl.invoke0(Native Method)
at java.base/jdk.internal.reflect.NativeMethodAccessorImpl.invoke(NativeMethodAccessorImpl.java:77)
at java.base/jdk.internal.reflect.DelegatingMethodAccessorImpl.invoke(DelegatingMethodAccessorImpl.java:43)
at java.base/java.lang.reflect.Method.invoke(Method.java:568)
at org.testng.internal.invokers.MethodInvocationHelper.invokeMethod(MethodInvocationHelper.java:139)
at org.testng.internal.invokers.TestInvoker.invokeMethod(TestInvoker.java:664)
at org.testng.internal.invokers.TestInvoker.invokeTestMethod(TestInvoker.java:228)
at org.testng.internal.invokers.MethodRunner.runInSequence(MethodRunner.java:63)
at org.testng.internal.invokers.TestInvoker$MethodInvocationAgent.invoke(TestInvoker.java:961)
at org.testng.internal.invokers.TestInvoker.invokeTestMethods(TestInvoker.java:201)
at org.testng.internal.invokers.TestMethodWorker.invokeTestMethods(TestMethodWorker.java:148)
at org.testng.internal.invokers.TestMethodWorker.run(TestMethodWorker.java:128)
at java.base/java.util.ArrayList.forEach(ArrayList.java:1511)
at org.testng.TestRunner.privateRun(TestRunner.java:819)
at org.testng.TestRunner.run(TestRunner.java:619)
at org.testng.SuiteRunner.runTest(SuiteRunner.java:443)
at org.testng.SuiteRunner.runSequentially(SuiteRunner.java:437)
at org.testng.SuiteRunner.privateRun(SuiteRunner.java:397)
at org.testng.SuiteRunner.run(SuiteRunner.java:336)
at org.testng.SuiteRunnerWorker.runSuite(SuiteRunnerWorker.java:52)
at org.testng.SuiteRunnerWorker.run(SuiteRunnerWorker.java:95)
at org.testng.TestNG.runSuitesSequentially(TestNG.java:1301)
at org.testng.TestNG.runSuitesLocally(TestNG.java:1228)
at org.testng.TestNG.runSuites(TestNG.java:1134)
at org.testng.TestNG.run(TestNG.java:1101)
at org.testng.remote.AbstractRemoteTestNG.run(AbstractRemoteTestNG.java:115)
at org.testng.remote.RemoteTestNG.initAndRun(RemoteTestNG.java:251)
at org.testng.remote.RemoteTestNG.main(RemoteTestNG.java:77)
]]>
            </full-stacktrace>
          </exception> <!-- java.lang.IndexOutOfBoundsException -->
          <reporter-output>
          </reporter-output>
        </test-method> <!-- WebDevelopment -->
        <test-method signature="learningLanguage()[pri:1, instance:TestCases.BaseTest@723ca036]" started-at="2024-02-27T17:07:11 IST" name="learningLanguage" finished-at="2024-02-27T17:07:36 IST" duration-ms="24670" status="PASS">
          <reporter-output>
          </reporter-output>
        </test-method> <!-- learningLanguage -->
        <test-method signature="Enterprise()[pri:2, instance:TestCases.BaseTest@723ca036]" started-at="2024-02-27T17:07:36 IST" name="Enterprise" finished-at="2024-02-27T17:08:27 IST" duration-ms="51438" status="PASS">
          <reporter-output>
          </reporter-output>
        </test-method> <!-- Enterprise -->
        <test-method is-config="true" signature="close()[pri:0, instance:TestCases.BaseTest@723ca036]" started-at="2024-02-27T17:08:27 IST" name="close" finished-at="2024-02-27T17:08:28 IST" duration-ms="1307" status="PASS">
          <reporter-output>
          </reporter-output>
        </test-method> <!-- close -->
        <test-method is-config="true" signature="tearDown()[pri:0, instance:TestCases.BaseTest@723ca036]" started-at="2024-02-27T17:08:28 IST" name="tearDown" finished-at="2024-02-27T17:08:28 IST" duration-ms="0" status="PASS">
          <reporter-output>
          </reporter-output>
        </test-method> <!-- tearDown -->
      </class> <!-- TestCases.BaseTest -->
    </test> <!-- Test `name -->
  </suite> <!-- Suite -->
</testng-results>
